@→e	0.04573263824118087	0.6968765729726866	0.3492872839776658	0.04931497090407343	52610
A→a	0.025016529985460233	0.9872661477536528	0.38816928631830444	0.027107767412562243	28919
I→i	0.01911679434970732	0.971424809059784	0.28980553918680024	0.020744908212850202	22131
O→o	0.017919867939933182	0.9982196131267443	0.330239740201853	0.019445715099886015	20745
E→e	0.0173995982490445	0.9724108252844984	0.13502101300615452	0.019063268642390066	20337
@→en	0.014179405624731519	0.22001748483323177	0.6049899836095429	0.015569695242666028	16610
x→g	0.011917418827068763	0.5738655321988655	0.37313554265878396	0.012897256884036234	13759
t→d	0.01139780757489714	0.1805128908392759	0.34284895684109085	0.012338585098086267	13163
i→ie	0.010729936338130157	0.45676103523174905	0.8990579710144928	0.011629934309196713	12407
a→aa	0.010474459468957274	0.38921039094650206	0.9979391641249691	0.011347786309916612	12106
G→g	0.00944117303004168	0.9460022571403768	0.2955198785051798	0.010214507468954347	10897
N→ng	0.008920213062503282	0.7590982761161044	0.9019607843137255	0.009658647789309497	10304
x→ch	0.008807536505918952	0.4242575909242576	0.8373394797497531	0.009534915111884337	10172
o→oo	0.007082427736030908	0.34516332982086406	0.9860325105358217	0.0076761128442018114	8189
e→ee	0.006997316020813688	0.3550440317377278	0.9689470553242118	0.0076339312496250524	8144
K→ij	0.006691972914011273	0.5471471046297607	0.8630932439977667	0.007244923210750495	7729
}→u	0.006632473619574192	0.9865090582037774	0.29030550514216574	0.0071971174035635015	7678
u→oe	0.006258438577686139	0.9178412698412698	0.983000135998912	0.006775301457795909	7228
k→c	0.006059266308249857	0.18538059760850545	0.3143178242301641	0.006554082428460016	6992
K→ei	0.005534582866084166	0.45249893812827413	0.9162844036697247	0.005991661167436559	6392
L→ui	0.004633168074022175	0.9883635020317695	0.9625831984169815	0.005015860279560862	5351
@→i	0.004043302157465603	0.062110896230163984	0.06140247495580436	0.004395322154898314	4689
z→s	0.003447654891767289	0.3483312947754674	0.06907723760352057	0.00373728927950087	3987
N→n	0.0028326227645191168	0.2409017238838957	0.04501837906301196	0.003065195872577839	3270
y→u	0.002756616956501556	0.6334597724096626	0.11997126436781609	0.0029742711020457136	3173
f→v	0.0023991249805968293	0.19802334741817662	0.14954838011790794	0.002591824644549763	2765
s→ss	0.0022890290041444415	0.04655719512406582	0.9770742358078602	0.0025168351430799687	2685
|→eu	0.0020592282614395776	0.9419944378228049	0.8105982905982906	0.0022225013498110265	2371
M→ou	0.0018996788815370143	0.7457511896668932	0.8370850820297596	0.0020565870778091067	2194
s→c	0.001870280450361039	0.037349794524110906	0.09683074848280512	0.0020190923270742094	2154
ij→i	0.0018309555208518198	0.9195893926432849	0.028154259150134225	0.00201534285200072	2150
ts→t	0.001689551556150746	0.25073897956560853	0.030559819554525233	0.0018288064670946068	1951
k→kk	0.0015721471279150404	0.04822758968104568	1.0	0.0017050737896694462	1819
l→ll	0.0014428092396220479	0.03490725478331629	0.7670793214121963	0.0015682179494870719	1673
t→tt	0.0012537798578216226	0.022051563357103676	0.9987577639751553	0.001507288979542864	1608
p→pp	0.0012521324432311983	0.058823529411764705	0.9993141289437586	0.0013657462955186273	1457
y→uu	0.001221624760611912	0.2816929526851667	0.9887876664330764	0.0013226273321734958	1411
n→nn	0.0010724229184054324	0.03366994950757386	0.9380222841225627	0.0012626357309976604	1347
i→y	0.00110973601870967	0.04738062806022899	0.6990765888104291	0.0012063936048953147	1287
j→i	0.0010822480056810447	0.14967281380130876	0.01647351535389249	0.0011792099106125143	1258
@→ij	0.0010520196451896703	0.0160939942247066	0.135678391959799	0.0011389030535724999	1215
m→mm	0.0010464752005011708	0.04907553505684347	1.0	0.001137028316035755	1213
s→sc	0.0010192556598668438	0.020495569697074785	0.17125470878006374	0.0011079698842162097	1182
s→t	9.610828303170901E-4	0.019247108598775816	0.017386673349832397	0.001040479332893395	1110
s→z	9.114207832051945E-4	0.018310762775051587	0.12002727892702887	9.898614194012838E-4	1056
$→h$	9.030334787770645E-4	0.01092092499295929	0.9390134529147982	9.81425100485932E-4	1047
m→n	8.432220899187897E-4	0.03940607678925436	0.013409144100114267	9.129971803947447E-4	974
d→t	8.131395579856411E-4	0.03748604243100973	0.01472384950346167	8.811266422700822E-4	940
r→rr	7.801519045553126E-4	0.012079845460399228	0.9863301787592008	8.792519047333373E-4	938
d→dd	7.501389344445786E-4	0.03473440740149944	1.0	8.164481972523847E-4	871
f→ff	7.150066478593749E-4	0.05915634176036668	0.9987908101571947	7.742666026756255E-4	826
t→th	5.629513549927245E-4	0.011121777290181021	0.6281951975213013	7.60206071150039E-4	811
ks→x	6.947642544066889E-4	0.27468397676802186	0.9686746987951808	7.53644489771432E-4	804
ej→e	5.683419136511367E-4	0.9137931034482759	0.004926271900996541	6.955276261323414E-4	742
M→au	6.251383805439579E-4	0.24541128484024474	0.7256281407035176	6.767802507648929E-4	722
v→f	5.986807687521826E-4	0.04260034474267422	0.05447532079036448	6.486591877137201E-4	692
S→ch	5.474519882535272E-4	0.37559808612440193	0.051695752387224236	5.886675865378847E-4	628
g→k	5.232949465976098E-4	0.6966551326412919	0.01896210717985747	5.661707360969465E-4	604
Z→g	5.001921479872148E-4	0.8259629101283881	0.01570212073547757	5.427365168876357E-4	579
b→bb	4.71440669381424E-4	0.028656904424500078	1.0	5.118033475313456E-4	546
G→gg	3.5404462928360355E-4	0.036027432936886886	0.8417849898580122	3.890080388745576E-4	415
u→ou	3.5823742287188336E-4	0.052571428571428575	0.15795497901564287	3.8807067010618513E-4	414
yw→u	3.3227560571994397E-4	0.5084525357607282	0.014783726557773744	3.6651118843361927E-4	391
p→b	2.7357060628558635E-4	0.01275788283741774	0.01591218087516995	2.962085308056872E-4	316
)→ai	2.577895276819432E-4	0.5971943887775552	0.30439223697650664	2.793358929749835E-4	298
k→qu	2.5478834022586266E-4	0.00784792003605801	0.9517684887459807	2.774611554382386E-4	296
E→a	2.5399630939084886E-4	0.013675050205603901	0.0038388746459779065	2.6808746775451434E-4	286
d→td	2.2954169379558426E-4	0.011126176423672036	0.9789473684210527	2.615258863759074E-4	279
I→y	2.3679964646238576E-4	0.012114827495391098	0.1499185225420967	2.5871378007079007E-4	276
w→uw	1.8423357944866167E-4	0.020133223561110695	0.14977728285077951	2.521521986921831E-4	269
Il→ill	1.851957517465398E-4	0.21883408071748878	0.5010266940451745	2.2871797948287239E-4	244
$→e$	2.021279664873022E-4	0.00237819570047251	0.01988661142607937	2.1372007918891354E-4	228
s→sz	1.8816322734582097E-4	0.0037627230323732897	0.9601769911504425	2.0340902273681684E-4	217
ow→o	1.604863748665159E-4	0.7912087912087912	0.003438504887134261	2.024716539684444E-4	216
S→ci	1.7662479017301988E-4	0.12200956937799043	0.1851179673321234	1.9122322874797528E-4	204
G→ch	1.7490390128599537E-4	0.017536244465665422	0.016628251564043465	1.8934849121123043E-4	202
b→pb	1.6184546947504462E-4	0.010234608723035742	1.0	1.8278690983262343E-4	195
o→eau	1.6102464116153338E-4	0.007839831401475237	0.9207920792079208	1.7435059091727159E-4	186
j@→e	1.763834835391824E-4	0.07269076305220884	0.001201691663181097	1.6966374707540945E-4	181
t→dt	1.4658440780663954E-4	0.0023998902907295667	0.9943181818181818	1.6403953446517488E-4	175
S→i	1.5098319659263794E-4	0.10406698564593302	0.0022785307405224905	1.6310216569680245E-4	174
S→ti	1.4372861451458644E-4	0.09928229665071771	0.0171913835956918	1.5560321554982303E-4	166
f→fv	1.3852579866607134E-4	0.011458855546802264	1.0	1.4997900293958847E-4	160
e→a	1.3113909435726414E-4	0.006626558549132444	0.0020402410705896564	1.4248005279260905E-4	152
b→p	1.3068999311313643E-4	0.00792526111373537	0.0057484391655245924	1.4154268402423662E-4	151
S→sj	1.203496055833623E-4	0.08313397129186603	0.33253588516746413	1.3029425880376746E-4	139
k→ck	1.0956412335949781E-4	0.0035262613675530927	0.7189189189189189	1.246700461935329E-4	133
j→	9.554804525155707E-5	0.0148720999405116	1.0432437033983038E-4	1.1717109604655349E-4	125
e→ai	1.0745658644839624E-4	0.005405876711134362	0.12665985699693566	1.1623372727818105E-4	124
)→e	1.0753205931818478E-4	0.24448897795591182	8.099800160668167E-4	1.1435898974143619E-4	122
<→o	1.0310217963509107E-4	0.6629213483146067	0.0018784424846381611	1.1060951466794648E-4	118
S→si	9.901650220517509E-5	0.0687799043062201	0.04801670146137787	1.077974083628292E-4	115
S→sh	9.682387861702665E-5	0.06698564593301436	0.14451612903225808	1.0498530205771192E-4	112
k→cc	8.351776817607977E-5	0.0026513243365060848	0.5405405405405406	9.373687683724279E-5	100
i→e	8.595103566009451E-5	0.003681478481758274	6.639180459564072E-4	9.373687683724279E-5	100
j→ill	8.65249467197896E-5	0.01189767995240928	0.2053388090349076	9.373687683724279E-5	100
m→mb	7.992511807178783E-5	0.0038030505320224947	0.14177978883861236	8.811266422700822E-5	94
Aj→i	8.071805508193463E-5	0.3661417322834646	0.0012178353957965037	8.717529545863579E-5	93
nj→n	6.378833970881644E-5	0.3079710144927536	0.0011702025138703416	7.967634531165637E-5	85
i→ea	6.923798149880981E-5	0.0029451827854066193	0.097799511002445	7.498950146979423E-5	80
o→au	6.586731873081591E-5	0.0032033719704952584	0.0763819095477387	7.124002639630452E-5	76
j→y	6.047800650987581E-5	0.00844735276621059	0.038565996740901685	6.655318255444237E-5	71
j|→ieu	5.927478090703674E-5	0.35858585858585856	0.29707112970711297	6.655318255444237E-5	71
il→ill	4.588527666603713E-5	0.05564648117839607	0.13963039014373715	6.374107624932509E-5	68
A→e	5.758236924256778E-5	0.0022873139423733443	4.448250907907928E-4	6.280370748095266E-5	67
Z→j	5.8197970711674465E-5	0.09557774607703282	0.005416329830234438	6.280370748095266E-5	67
i→ee	5.518743498310802E-5	0.0023561462283252952	0.007614515169541939	5.9991601175835386E-5	64
ju→u	5.386149062698723E-5	0.38509316770186336	0.0023442226255293405	5.8116863639090524E-5	62
wa→i	5.245010003724768E-5	0.03022915650901999	8.118902638643358E-4	5.8116863639090524E-5	62
@→a	5.1033791996244856E-5	8.080112326807428E-4	8.187809559603227E-4	5.7179494870718096E-5	61
ij→y	4.851420610982918E-5	0.026090675791274595	0.033134166214014125	5.7179494870718096E-5	61
wa→a	6.175188735560193E-5	0.029741589468551925	8.187809559603227E-4	5.7179494870718096E-5	61
L→eu	5.1072590344720186E-5	0.010897672700406353	0.02017094017094017	5.530475733397324E-5	59
t→to	5.103394424600669E-5	7.953922106417993E-4	0.013080739738385205	5.4367388565600814E-5	58
I→ig	5.0055287738902354E-5	0.002458080941093846	0.010719754977029096	5.249265102885596E-5	56
s→ce	4.60714269951738E-5	9.363458237242288E-4	0.036986301369863014	5.06179134921111E-5	54
tS→c	4.605374159011774E-5	0.14673913043478262	0.0024275118004045853	5.06179134921111E-5	54
e→er	4.337106380207685E-5	0.002179788996425146	0.001541734759951898	4.686843841862139E-5	50
u→oo	4.329100640312657E-5	0.006349206349206349	0.006020469596628537	4.686843841862139E-5	50
wA→i	4.207700046454197E-5	0.03450704225352113	6.416552085379428E-4	4.5931069650248965E-5	49
k→ch	4.1255116341745507E-5	0.0012726356815229206	0.003951267698386566	4.499370088187654E-5	48
!→y	4.06954621804049E-5	1.0	0.025529603476371537	4.405633211350411E-5	47
E→ac	3.6771540362621684E-5	0.0021038538777852158	0.01296405421331762	4.124422580838683E-5	44
s→i	3.811224886445595E-5	7.629484489604828E-4	5.761801872585609E-4	4.124422580838683E-5	44
w→o	3.841606151849923E-5	0.003218321981887583	6.845171766054316E-4	4.03068570400144E-5	43
_→j	3.636638248975485E-5	0.5526315789473685	0.003395311236863379	3.936948827164197E-5	42
wi→i	4.9122394707063524E-5	0.10741687979539642	5.499901787468081E-4	3.936948827164197E-5	42
E→ai	3.5497949832489986E-5	0.001960409295208951	0.04187946884576098	3.8432119503269545E-5	41
w→u	3.759905355671267E-5	0.003068632587381184	0.0015502117362371445	3.8432119503269545E-5	41
x→gg	3.187471171292563E-5	0.0017100433767100434	0.08316430020283976	3.8432119503269545E-5	41
E→an	2.6694012195515762E-5	0.0018647795734914412	0.0035147801009372745	3.655738196652469E-5	39
$→t$	3.578970523676709E-5	4.067966329755609E-4	0.003919991958990853	3.655738196652469E-5	39
}→o	3.158338051267858E-5	0.004753950918668893	5.890031519628132E-4	3.468264442977983E-5	37
@→o	3.125197751164948E-5	4.7685908813945477E-4	5.730841478557102E-4	3.37452756614074E-5	36
}→e	3.1162994843957164E-5	0.004625465758704869	2.3901049654430657E-4	3.37452756614074E-5	36
ij→ill	3.111317200513349E-5	0.015397775876817793	0.07392197125256673	3.37452756614074E-5	36
wE→e	3.3503448066410954E-5	0.01506906655504395	2.3901049654430657E-4	3.37452756614074E-5	36
e→ae	2.9588811612821304E-5	0.0015258522974976021	0.4166666666666667	3.280790689303497E-5	35
A→ag	2.6687689120850495E-5	0.001194865492284583	0.011713520749665328	3.280790689303497E-5	35
ij|→ieu	2.563589301179918E-5	0.8947368421052632	0.14225941422594143	3.1870538124662545E-5	34
Aj→y	2.8110518572176943E-5	0.12992125984251968	0.017925040738728953	3.093316935629012E-5	33
i→ey	2.90303279995985E-5	0.0012148878989802305	0.8461538461538461	3.093316935629012E-5	33
ts→z	3.1147122880083935E-5	0.0042411001156663665	0.0037508524664696522	3.093316935629012E-5	33
w→ww	2.477604303762514E-5	0.0021704962203427888	1.0	2.7183694282800407E-5	29
o→ot	2.037123157158296E-5	0.0011801896733403582	0.010514457378895982	2.624632551442798E-5	28
E→es	2.9936620395239755E-5	0.0012910012431863822	0.004539340954942838	2.530895674605555E-5	27
k→kc	2.098006602597782E-5	7.158575708566429E-4	0.5294117647058824	2.530895674605555E-5	27
g→gu	2.191927940601721E-5	0.029988465974625143	0.07692307692307693	2.4371587977683124E-5	26
E→he	2.2551247717436575E-5	0.0011953715214688726	0.003935768261964736	2.3434219209310696E-5	25
)→in	2.0980603617518825E-5	0.04809619238476954	0.0015575313128691024	2.249685044093827E-5	24
S→j	1.9919823127113674E-5	0.01375598086124402	0.0018593371059013742	2.155948167256584E-5	23
|→oe	1.99473394134254E-5	0.009137862534763607	0.0031279749762001905	2.155948167256584E-5	23
→e	3.834988946094536E-5	2.0622112904193414E-5	1.4606197011040958E-4	2.0622112904193414E-5	22
r→rd	1.805207281278996E-5	2.704443013522215E-4	0.005545286506469501	1.9684744135820986E-5	21
S→sc	1.5205251835423669E-5	0.012559808612440191	0.0030425963488843813	1.9684744135820986E-5	21
$→s$	2.0389820621622312E-5	2.1904434083299434E-4	0.003565970453387672	1.9684744135820986E-5	21
y→ue	1.4304052692219019E-5	0.004192453583549611	0.07094594594594594	1.9684744135820986E-5	21
e→ay	1.782360123456605E-5	8.719155985700584E-4	0.5555555555555556	1.874737536744856E-5	20
Z→ch	1.7317217949108367E-5	0.028530670470756064	0.0016463615409944023	1.874737536744856E-5	20
j→il	1.7567198895799322E-5	0.002379535990481856	0.007209805335255948	1.874737536744856E-5	20
wA→a	1.7525362185865757E-5	0.014084507042253521	2.684527724460074E-4	1.874737536744856E-5	20
t→wt	1.450012143095612E-5	2.605595172792101E-4	0.38	1.781000659907613E-5	19
I→hi	1.4175438833029511E-5	7.900974453515934E-4	0.01120099564405725	1.68726378307037E-5	18
M→ow	1.5651031466291696E-5	0.006118286879673691	0.18947368421052632	1.68726378307037E-5	18
@l→l	1.2598737019917639E-5	0.0017104336452359392	3.380460935791127E-4	1.5935269062331272E-5	17
<→aw	1.471963321204367E-5	0.09550561797752809	0.23943661971830985	1.5935269062331272E-5	17
jA→a	1.4145508954503296E-5	0.037527593818984545	2.2818485657910632E-4	1.5935269062331272E-5	17
wo→o	1.693096837172127E-5	0.036093418259023353	2.70623069820752E-4	1.5935269062331272E-5	17
E→ce	1.5230288366951567E-5	7.650377737400784E-4	0.010958904109589041	1.4997900293958846E-5	16
^→^s	1.120719839594552E-5	1.6689092634894807E-4	0.0016117658910043315	1.4997900293958846E-5	16
l→lo	1.3646470965828995E-5	3.33841049930102E-4	0.003484320557491289	1.4997900293958846E-5	16
jE→e	1.2838827581452813E-5	0.04804804804804805	1.0622688735302515E-4	1.4997900293958846E-5	16
i→it	1.2007954902416053E-5	5.890365570813238E-4	0.003150226422524119	1.4997900293958846E-5	16
e→he	1.037998051773803E-4	6.975324788560468E-4	0.0025188916876574307	1.4997900293958846E-5	16
S→ge	1.448126110040876E-5	0.009569377990430622	0.0014354925533823794	1.4997900293958846E-5	16
m→nm	1.2489700283450653E-5	6.473277501314885E-4	0.0350109409190372	1.4997900293958846E-5	16
wI→i	1.3996452727183937E-5	0.010832769126607989	2.0952006809402213E-4	1.4997900293958846E-5	16
u→e	1.0990839699593127E-5	0.0017777777777777779	9.2948526433897E-5	1.312316275721399E-5	14
k→g	1.1999386598904809E-5	3.7118540711085187E-4	3.796713131203558E-4	1.312316275721399E-5	14
i→is	1.6196425803352517E-5	5.154069874461584E-4	0.002002002002002002	1.312316275721399E-5	14
jo→o	1.0824360340205184E-4	0.012855831037649219	2.2286605749944285E-4	1.312316275721399E-5	14
n→gn	2.6358813467095768E-5	3.4994750787381893E-4	0.04430379746835443	1.312316275721399E-5	14
j@→i	1.179176359975556E-5	0.005622489959839358	1.8333005958226937E-4	1.312316275721399E-5	14
o→oa	1.1903811022311879E-5	5.900948366701791E-4	0.16666666666666666	1.312316275721399E-5	14
z→zz	1.139880832393457E-5	0.0012231347195526823	0.4	1.312316275721399E-5	14
u→ul	1.0390653597072412E-5	0.0017777777777777779	0.010064701653486701	1.312316275721399E-5	14
w→	1.333308698095066E-5	9.72981064291595E-4	1.0849734515342358E-5	1.2185793988841562E-5	13
O→al	1.1029737172065816E-5	6.25541333846598E-4	0.0021666666666666666	1.2185793988841562E-5	13
k→q	1.2416766791507318E-5	3.4467216374579104E-4	0.04153354632587859	1.2185793988841562E-5	13
i→ig	7.413311880718946E-6	4.7859220262857566E-4	0.0024885145482388973	1.2185793988841562E-5	13
m→em	9.52524608345694E-6	5.259537969818344E-4	0.0036455412226584407	1.2185793988841562E-5	13
Z→si	1.1256133182207003E-5	0.018544935805991442	0.005427974947807933	1.2185793988841562E-5	13
f→ve	6.221330149582645E-6	9.310320131776839E-4	0.0014407624958439544	1.2185793988841562E-5	13
_→dj	1.039010706932427E-5	0.15789473684210525	0.06666666666666667	1.1248425220469134E-5	12
A→ac	1.204447154451378E-5	4.0966816878328555E-4	0.0035356511490866236	1.1248425220469134E-5	12
|→o	1.0400730682454016E-5	0.004767580452920143	1.9102804928523671E-4	1.1248425220469134E-5	12
gw→u	1.0373298413124756E-5	0.631578947368421	4.5372050816696913E-4	1.1248425220469134E-5	12
v→vo	1.1111798991684787E-5	7.387343018960847E-4	0.003803486529318542	1.1248425220469134E-5	12
ilj→ill	1.0222923354174546E-5	0.18461538461538463	0.024640657084188913	1.1248425220469134E-5	12
→h	2.3122684225196812E-5	1.0311056452096707E-5	4.5193097781429743E-4	1.0311056452096707E-5	11
}→ea	9.524290151448008E-6	0.0014133367596042656	0.013447432762836185	1.0311056452096707E-5	11
v→uv	6.771797056230157E-6	6.77173110071411E-4	0.08461538461538462	1.0311056452096707E-5	11
→o	1.112321283713868E-5	9.37368768372428E-6	1.591900410710306E-4	9.37368768372428E-6	10
)→a	8.65967860550483E-6	0.02004008016032064	1.342263862230037E-4	9.37368768372428E-6	10
)→i	8.592606872406855E-6	0.02004008016032064	1.3095004255876384E-4	9.37368768372428E-6	10
A→i	8.730981598200635E-6	3.4139014065273795E-4	1.3095004255876384E-4	9.37368768372428E-6	10
A→as	1.9423143254103035E-5	3.4139014065273795E-4	0.0026874496103198066	9.37368768372428E-6	10
<→al	8.646102682082321E-6	0.056179775280898875	0.0016666666666666668	9.37368768372428E-6	10
g→c	8.764386353849337E-6	0.011534025374855825	4.495392222971454E-4	9.37368768372428E-6	10
t→z	5.983993548227804E-6	1.3713658804168953E-4	0.0011366219595362582	9.37368768372428E-6	10
}→i	8.658608870495664E-6	0.0012848515996402416	1.3095004255876384E-4	9.37368768372428E-6	10
k→ec	7.882912830888503E-6	2.651324336506085E-4	0.004140786749482402	9.37368768372428E-6	10
o→ow	8.38946739470435E-6	4.2149631190727084E-4	0.10526315789473684	9.37368768372428E-6	10
<→on	8.329143426604282E-6	0.056179775280898875	0.0011065619121389842	9.37368768372428E-6	10
<→oa	8.657850872213474E-6	0.056179775280898875	0.11904761904761904	9.37368768372428E-6	10
m→me	1.5475503649601334E-5	4.0457984383218025E-4	0.0016165535079211122	9.37368768372428E-6	10
uw→u	8.222412824220157E-6	0.14285714285714285	3.781004234724743E-4	9.37368768372428E-6	10
y→us	8.23750348362792E-6	0.0019964064683569574	0.005787037037037037	9.37368768372428E-6	10
)→ce	5.560903731263158E-6	0.018036072144288578	0.0061643835616438354	8.43631891535185E-6	9
_→g	6.228274578653898E-6	0.11842105263157894	2.4407441557737158E-4	8.43631891535185E-6	9
k→x	9.180639684861854E-6	2.3861919028554763E-4	0.010843373493975903	8.43631891535185E-6	9
$→n$	2.064931362666178E-4	9.387614607128329E-5	5.822227972570837E-4	8.43631891535185E-6	9
go→o	7.208290002976089E-6	0.3333333333333333	1.4327103696392754E-4	8.43631891535185E-6	9
A→is	7.421250453141538E-6	3.072511265874642E-4	0.001287001287001287	8.43631891535185E-6	9
o→ho	4.1250351320663634E-5	3.793466807165437E-4	0.002176541717049577	8.43631891535185E-6	9
$→x$	7.7907999300966E-6	9.387614607128329E-5	0.07563025210084033	8.43631891535185E-6	9
rt→r	7.463591377897815E-6	0.0019148936170212765	1.1442229454841334E-4	8.43631891535185E-6	9
)→er	5.707185757069874E-6	0.01603206412825651	2.4667756159230364E-4	7.498950146979423E-6	8
E→ea	3.118006707340105E-6	3.825188868700392E-4	0.009779951100244499	7.498950146979423E-6	8
a→ah	6.514078294025623E-6	2.57201646090535E-4	0.1095890410958904	7.498950146979423E-6	8
→s	2.075794425339402E-5	7.498950146979423E-6	1.3860494126615613E-4	7.498950146979423E-6	8
E→az	6.518656538131553E-6	3.825188868700392E-4	0.023054755043227664	7.498950146979423E-6	8
k→ke	5.1722201628226895E-6	2.121059469204868E-4	0.0012271820831415861	7.498950146979423E-6	8
je→e	9.028281762472926E-6	0.025	5.3113443676512574E-5	7.498950146979423E-6	8
p→ep	5.875551456294571E-6	3.2298437563082886E-4	0.0033291718684977114	7.498950146979423E-6	8
ga→a	6.088111936916541E-6	0.5333333333333333	1.0738110897840297E-4	7.498950146979423E-6	8
o→os	4.2429126698404275E-6	3.371970495258166E-4	0.003631411711302769	7.498950146979423E-6	8
<→zo	6.442546671178962E-6	0.0449438202247191	0.007332722273143905	7.498950146979423E-6	8
we→e	8.106194392576787E-6	0.0051579626047711154	5.3113443676512574E-5	7.498950146979423E-6	8
)→en	5.737406395169977E-6	0.014028056112224449	2.549626661810235E-4	6.561581378606995E-6	7
E→et	1.324656038346491E-4	3.347040260112843E-4	0.0012123311395912711	6.561581378606995E-6	7
k→ak	5.067082630128115E-6	1.8559270355542594E-4	0.0022920759659463	6.561581378606995E-6	7
*→e	6.0631550266256075E-6	0.5384615384615384	4.64742632169485E-5	6.561581378606995E-6	7
O→a	6.361382147175037E-6	3.36829948994322E-4	9.39584703561026E-5	6.561581378606995E-6	7
j→ll	6.17974737324508E-6	8.328375966686496E-4	0.0032095369096744614	6.561581378606995E-6	7
I→is	1.1941447776712186E-5	3.0726011763673077E-4	0.001001001001001001	6.561581378606995E-6	7
g@→g	6.045038503457453E-6	0.3333333333333333	1.898356565601779E-4	6.561581378606995E-6	7
Z→ge	7.230271681510231E-6	0.009985734664764621	6.28027992104791E-4	6.561581378606995E-6	7
@→he	3.328868615650938E-6	9.272260047156066E-5	0.001102015113350126	6.561581378606995E-6	7
r→rt	8.641836829192378E-6	9.01481004507405E-5	0.001994870333428327	6.561581378606995E-6	7
k→co	5.057426560372643E-6	1.5907946019036508E-4	0.0024834437086092716	5.624212610234567E-6	6
g→ct	5.095004301250952E-6	0.006920415224913495	0.0034482758620689655	5.624212610234567E-6	6
g→ck	5.070519157115161E-6	0.006920415224913495	0.032432432432432434	5.624212610234567E-6	6
→n	6.483885734333078E-6	5.624212610234567E-6	8.260253039084764E-5	5.624212610234567E-6	6
jI→i	4.363558495203531E-6	0.04838709677419355	7.85700255352583E-5	5.624212610234567E-6	6
j→gh	4.504476896815864E-6	7.138607971445568E-4	0.006066734074823054	5.624212610234567E-6	6
f→ef	4.751140678872226E-6	4.297070830050849E-4	0.00298804780876494	5.624212610234567E-6	6
e→ez	5.188431577732046E-6	2.615746795710175E-4	0.0045045045045045045	5.624212610234567E-6	6
w→eo	4.476801391890527E-6	4.4906818351919767E-4	0.010619469026548672	5.624212610234567E-6	6
_→ge	5.189969449850754E-6	0.07894736842105263	5.383097075183922E-4	5.624212610234567E-6	6
Z→gi	5.198289085970471E-6	0.008559201141226819	0.0029013539651837525	5.624212610234567E-6	6
z→se	4.2457835957489855E-6	5.242005940940067E-4	0.0013590033975084937	5.624212610234567E-6	6
r→rp	5.047316455068955E-6	7.7269800386349E-5	0.006309148264984227	5.624212610234567E-6	6
p→pa	5.117692338492257E-6	2.4223828172312165E-4	0.001948684637869438	5.624212610234567E-6	6
p→pe	4.572660910700405E-6	2.4223828172312165E-4	0.0011235955056179776	5.624212610234567E-6	6
e→eeu	5.048295826343834E-5	2.615746795710175E-4	0.03571428571428571	5.624212610234567E-6	6
lj→ill	4.32930350677908E-6	0.02032520325203252	0.01026694045174538	4.68684384186214E-6	5
E→ei	3.8005717824222764E-6	2.390743042937745E-4	7.167431192660551E-4	4.68684384186214E-6	5
M→ao	4.328436187416768E-6	0.001699524133242692	0.13157894736842105	4.68684384186214E-6	5
I→e	4.396744003896193E-6	2.1947151259766484E-4	3.319590229782036E-5	4.68684384186214E-6	5
@→u	4.459293281210317E-6	6.62304289082576E-5	1.8905021173623715E-4	4.68684384186214E-6	5
Ilj→ill	3.36125661822963E-6	0.07352941176470588	0.01026694045174538	4.68684384186214E-6	5
z→jz	2.8843931165722447E-6	4.368338284116722E-4	0.011494252873563218	4.68684384186214E-6	5
It→a	4.329299746541231E-6	0.006476683937823834	6.711319311150185E-5	4.68684384186214E-6	5
ja→a	1.8327731647212626E-5	0.003756574004507889	6.711319311150185E-5	4.68684384186214E-6	5
t→ed	3.325470239396343E-6	6.856829402084476E-5	0.0011314777098891152	4.68684384186214E-6	5
n→en	4.270215976604104E-6	1.2498125281207819E-4	1.8211619012930248E-4	4.68684384186214E-6	5
s→es	5.5954590056547805E-6	8.669868738187304E-5	8.406186953597848E-4	4.68684384186214E-6	5
v→ev	3.440526856528821E-6	3.0780595912336864E-4	0.001954652071931196	4.68684384186214E-6	5
j→tj	4.2488401198921724E-6	5.94883997620464E-4	0.006265664160401002	4.68684384186214E-6	5
t→te	3.8119072541633322E-6	6.856829402084476E-5	3.25796572620056E-4	4.68684384186214E-6	5
z→ss	4.1253953863668164E-6	4.368338284116722E-4	0.001819505094614265	4.68684384186214E-6	5
se→c	4.254377922110071E-6	0.00625	2.247696111485727E-4	4.68684384186214E-6	5
O→os	5.1044942475328735E-6	2.4059282071023E-4	0.0022696323195642307	4.68684384186214E-6	5
m→mo	4.036602901390523E-6	2.0228992191609013E-4	0.002145002145002145	4.68684384186214E-6	5
*→oe	1.5639286253981092E-6	0.38461538461538464	6.799945600435197E-4	4.68684384186214E-6	5
u→ui	4.329102889206204E-6	6.349206349206349E-4	8.994423457456377E-4	4.68684384186214E-6	5
b→eb	4.08347226863623E-6	2.0994069175457933E-4	0.002680965147453083	3.7494750734897116E-6	4
G→eg	2.498103670097707E-6	3.4725236565674104E-4	0.0010758472296933835	3.7494750734897116E-6	4
b→bu	3.1956300990246156E-6	2.0994069175457933E-4	0.004314994606256742	3.7494750734897116E-6	4
@→ce	2.0365723171084693E-6	5.298434312660609E-5	0.0027397260273972603	3.7494750734897116E-6	4
A→an	8.992163993325528E-6	1.3655605626109517E-4	3.604902667627974E-4	3.7494750734897116E-6	4
j→a	3.9500432394371445E-6	4.759071980963712E-4	5.3690554489201485E-5	3.7494750734897116E-6	4
K→y	3.467295172784346E-6	2.831657935721365E-4	0.0021727322107550242	3.7494750734897116E-6	4
^E→^	2.884968161888263E-6	0.0049504950495049506	4.1722731587237017E-5	3.7494750734897116E-6	4
g→gg	3.449462437047885E-6	0.00461361014994233	0.008113590263691683	3.7494750734897116E-6	4
A→ig	4.15427380333171E-6	1.3655605626109517E-4	7.656967840735069E-4	3.7494750734897116E-6	4
j→gn	3.4634353732714275E-6	4.759071980963712E-4	0.012658227848101266	3.7494750734897116E-6	4
u→ew	3.290006195406165E-6	5.079365079365079E-4	0.00353045013239188	3.7494750734897116E-6	4
ts→c	3.4536998158464776E-6	5.140727412928929E-4	1.7981568891885816E-4	3.7494750734897116E-6	4
g→tg	3.4628194980236393E-6	0.00461361014994233	0.007168458781362007	3.7494750734897116E-6	4
S→ss	4.156105436001557E-6	0.0023923444976076554	0.001455604075691412	3.7494750734897116E-6	4
Su→u	3.4634435897574408E-6	0.06349206349206349	1.5124016938898973E-4	3.7494750734897116E-6	4
nt→n	3.768642625205636E-6	4.3257272628960744E-4	5.5068353593898426E-5	3.7494750734897116E-6	4
n→ns	2.381845438356599E-6	9.998500224966255E-5	8.463817181548879E-4	3.7494750734897116E-6	4
n→nd	5.818858286763837E-6	9.998500224966255E-5	4.664723032069971E-4	3.7494750734897116E-6	4
v→ve	2.836924041938882E-6	2.462447672986949E-4	4.433115371827552E-4	3.7494750734897116E-6	4
u→uc	3.282832481603789E-6	5.079365079365079E-4	0.0041025641025641026	3.7494750734897116E-6	4
)→ea	2.585294036854399E-6	0.006012024048096192	0.003667481662591687	2.8121063051172836E-6	3
e→ce	2.747526953977188E-6	1.3078733978550875E-4	0.002054794520547945	2.8121063051172836E-6	3
)→ei	2.5933532313709495E-6	0.006012024048096192	4.3004587155963305E-4	2.8121063051172836E-6	3
At→a	2.9601704921629566E-6	0.0017667844522968198	4.026791586690112E-5	2.8121063051172836E-6	3
d→do	3.041186690079975E-6	1.1963630563088213E-4	0.001447178002894356	2.8121063051172836E-6	3
E→en	1.4811605063472728E-5	1.434445825762647E-4	1.092697140775815E-4	2.8121063051172836E-6	3
→g	3.7303167845652513E-6	2.8121063051172836E-6	8.135813852579053E-5	2.8121063051172836E-6	3
→r	3.285433609806638E-6	2.8121063051172836E-6	3.8140764849471115E-5	2.8121063051172836E-6	3
be→b	2.568897238898433E-6	0.0038910505836575876	1.5106500830857546E-4	2.8121063051172836E-6	3
(→u	2.59758269236627E-6	1.0	1.1343012704174228E-4	2.8121063051172836E-6	3
M→o	2.5528431593958667E-6	0.0010197144799456153	4.775701232130918E-5	2.8121063051172836E-6	3
Z→s	2.600990719873167E-6	0.0042796005706134095	5.1976852974808554E-5	2.8121063051172836E-6	3
a→i	3.849435024673101E-6	9.645061728395061E-5	3.928501276762915E-5	2.8121063051172836E-6	3
S→s	2.606786502671779E-6	0.0017942583732057417	5.1976852974808554E-5	2.8121063051172836E-6	3
w→e	3.054903451435711E-6	2.2453409175959884E-4	1.9917541378692214E-5	2.8121063051172836E-6	3
^I→^	2.5975339918165756E-6	0.0018438844499078057	3.129204869042776E-5	2.8121063051172836E-6	3
w→a	3.8116244029622797E-6	2.2453409175959884E-4	4.026791586690112E-5	2.8121063051172836E-6	3
n→kn	2.6271780851504814E-6	7.498875168724692E-5	0.004573170731707317	2.8121063051172836E-6	3
l→le	4.815788078846256E-6	6.259519686189413E-5	3.5825173155003585E-4	2.8121063051172836E-6	3
j@→u	2.466502100148143E-6	0.0012048192771084338	1.1343012704174228E-4	2.8121063051172836E-6	3
ju→e	3.9026988480153304E-6	0.018633540372670808	1.9917541378692214E-5	2.8121063051172836E-6	3
@→hu	2.5974051018241665E-6	3.973825734495457E-5	0.0021008403361344537	2.8121063051172836E-6	3
$→l$	2.116477938850069E-6	3.129204869042776E-5	4.636068613815484E-4	2.8121063051172836E-6	3
O→ho	2.0991592027745678E-6	1.44355692426138E-4	7.255139056831923E-4	2.8121063051172836E-6	3
gz→x	2.59758269236627E-6	0.0375	0.0036144578313253013	2.8121063051172836E-6	3
h→eh	1.2039261519465071E-6	2.687208885704049E-4	0.004098360655737705	2.8121063051172836E-6	3
e→ei	2.383888317392389E-6	1.3078733978550875E-4	4.3004587155963305E-4	2.8121063051172836E-6	3
d→ed	2.580980780177313E-6	1.1963630563088213E-4	6.788866259334691E-4	2.8121063051172836E-6	3
z→es	2.092196034108305E-6	2.6210029704700334E-4	5.043712172158709E-4	2.8121063051172836E-6	3
w→ew	1.5007027172749449E-6	2.2453409175959884E-4	0.00264783759929391	2.8121063051172836E-6	3
s→so	1.767940736411455E-6	5.201921242912382E-5	0.0020394289598912306	2.8121063051172836E-6	3
r→re	2.916253768086719E-6	3.86349001931745E-5	2.6939655172413793E-4	2.8121063051172836E-6	3
n→no	5.07366143213798E-6	7.498875168724692E-5	0.0015600624024961	2.8121063051172836E-6	3
w→wh	3.502397356307502E-6	2.2453409175959884E-4	0.07142857142857142	2.8121063051172836E-6	3
}→us	4.8379001609833795E-6	3.8545547989207247E-4	0.001736111111111111	2.8121063051172836E-6	3
@n→n	1.472711316205127E-6	6.191950464396285E-4	2.7534176796949213E-5	1.8747375367448558E-6	2
z→ch	1.729209741531338E-6	1.7473353136466887E-4	1.6463615409944023E-4	1.8747375367448558E-6	2
$→g$	1.4393248788169984E-6	2.0861365793618508E-5	2.008838891120932E-4	1.8747375367448558E-6	2
d@→d	9.981910142125257E-7	2.1593608291945585E-4	5.2092829422030056E-5	1.8747375367448558E-6	2
k→ca	1.9465737548301164E-6	5.30264867301217E-5	0.0017482517482517483	1.8747375367448558E-6	2
dj→j	1.7373509121768157E-6	0.15384615384615385	1.6168148746968473E-4	1.8747375367448558E-6	2
S|→ieu	1.4220585922631615E-6	0.1	0.008368200836820083	1.8747375367448558E-6	2
E→ec	2.1513964364825416E-6	9.56297217175098E-5	8.281573498964803E-4	1.8747375367448558E-6	2
@r→r	2.57653933636348E-6	9.63623223319682E-5	2.5427176566314076E-5	1.8747375367448558E-6	2
O→ar	1.6579292847727464E-6	9.6237128284092E-5	2.3587687227267368E-4	1.8747375367448558E-6	2
O→au	1.7317085457834786E-6	9.6237128284092E-5	0.0020100502512562816	1.8747375367448558E-6	2
→d	1.9686824549718174E-6	1.8747375367448558E-6	5.2092829422030056E-5	1.8747375367448558E-6	2
→l	3.2975686390591863E-6	1.8747375367448558E-6	3.97701286563662E-5	1.8747375367448558E-6	2
→i	2.5982102332576112E-6	1.8747375367448558E-6	2.6190008511752767E-5	1.8747375367448558E-6	2
→u	2.049777495345911E-6	1.8747375367448558E-6	7.562008469449486E-5	1.8747375367448558E-6	2
→p	2.0970167132594533E-6	1.8747375367448558E-6	7.613826709304096E-5	1.8747375367448558E-6	2
$→d$	3.248865502757005E-6	2.0861365793618508E-5	2.3025558369790466E-4	1.8747375367448558E-6	2
@→t	2.350287030400587E-6	2.6492171563303043E-5	3.132733936906739E-5	1.8747375367448558E-6	2
j→e	2.0981994492694053E-6	2.379535990481856E-4	1.3278360919128143E-5	1.8747375367448558E-6	2
d→z	1.7317217949108467E-6	7.975753708725475E-5	2.2732439190725165E-4	1.8747375367448558E-6	2
t→e	1.7797735824298605E-6	2.7427317608337905E-5	1.3278360919128143E-5	1.8747375367448558E-6	2
t→a	1.4200358418346257E-6	2.7427317608337905E-5	2.6845277244600742E-5	1.8747375367448558E-6	2
j→l	1.7777221773033284E-6	2.379535990481856E-4	3.97701286563662E-5	1.8747375367448558E-6	2
j→h	2.3283374360635826E-6	2.379535990481856E-4	8.216926869350862E-5	1.8747375367448558E-6	2
u→o	1.7356254841858806E-6	2.5396825396825396E-4	3.183800821420612E-5	1.8747375367448558E-6	2
j}→u	7.880457193847289E-6	0.003795066413662239	7.562008469449486E-5	1.8747375367448558E-6	2
It→i	1.7215195752723115E-6	0.0025906735751295338	2.6190008511752767E-5	1.8747375367448558E-6	2
i→ih	5.652137324578586E-7	7.362956963516548E-5	0.0425531914893617	1.8747375367448558E-6	2
n→in	2.131290607818211E-6	4.999250112483127E-5	1.297942760724252E-4	1.8747375367448558E-6	2
ji→i	1.3115549362665594E-6	0.038461538461538464	2.6190008511752767E-5	1.8747375367448558E-6	2
g→ge	1.6199522742494375E-6	0.002306805074971165	1.7943656917279743E-4	1.8747375367448558E-6	2
a→ha	1.4720545218974777E-6	6.430041152263375E-5	4.874482086278333E-4	1.8747375367448558E-6	2
i→hi	2.4672336766237174E-6	7.362956963516548E-5	0.0012445550715619166	1.8747375367448558E-6	2
Ef→f	1.4436379352155295E-6	0.008658008658008658	1.5744312367157364E-4	1.8747375367448558E-6	2
j→hi	1.3845609826204586E-6	2.379535990481856E-4	0.0012445550715619166	1.8747375367448558E-6	2
m→hm	1.0955657907251298E-6	8.091596876643606E-5	0.13333333333333333	1.8747375367448558E-6	2
g→eg	1.7132299273445874E-6	0.002306805074971165	5.379236148466917E-4	1.8747375367448558E-6	2
@→ha	1.67183391264724E-6	2.6492171563303043E-5	4.874482086278333E-4	1.8747375367448558E-6	2
w)→a	1.7317917459802512E-6	0.11764705882352941	2.6845277244600742E-5	1.8747375367448558E-6	2
te→t	1.348272374519058E-6	6.891798759476223E-4	3.132733936906739E-5	1.8747375367448558E-6	2
tS→g	1.2381389361797155E-6	0.005434782608695652	5.4238759017193686E-5	1.8747375367448558E-6	2
p→sp	1.3280698336730354E-6	8.074609390770722E-5	5.186721991701245E-4	1.8747375367448558E-6	2
e→se	1.520388799674955E-6	8.719155985700585E-5	4.5300113250283127E-4	1.8747375367448558E-6	2
r→ra	1.4263203273593537E-6	2.5756600128783E-5	2.501563477173233E-4	1.8747375367448558E-6	2
S@→u	1.73172179490507E-6	0.022222222222222223	7.562008469449486E-5	1.8747375367448558E-6	2
g→qu	1.7317217949108467E-6	0.002306805074971165	0.006430868167202572	1.8747375367448558E-6	2
@→ro	1.3614802749671609E-6	2.6492171563303043E-5	2.763576067431256E-4	1.8747375367448558E-6	2
}→ou	1.0861108095875408E-6	2.5697031992804833E-4	7.630675314765357E-4	1.8747375367448558E-6	2
pe→p	1.3808810364613545E-6	0.002285714285714286	7.613826709304096E-5	1.8747375367448558E-6	2
f→ph	1.7317217949107732E-6	1.432356943350283E-4	0.016666666666666666	1.8747375367448558E-6	2
|→oh	1.7313756776936143E-6	7.945967421533572E-4	0.02197802197802198	1.8747375367448558E-6	2
o→ol	1.6423322802490263E-6	8.429926238145416E-5	4.725897920604915E-4	1.8747375367448558E-6	2
n→nt	2.5420915685526476E-6	4.999250112483127E-5	3.0376670716889426E-4	1.8747375367448558E-6	2
@→ou	1.7303607029431637E-6	2.6492171563303043E-5	7.630675314765357E-4	1.8747375367448558E-6	2
ju→eau	1.731721756068029E-6	0.012422360248447204	0.009900990099009901	1.8747375367448558E-6	2
<→oo	1.6939490788853914E-6	0.011235955056179775	2.4081878386514148E-4	1.8747375367448558E-6	2
i→yw	1.726362003998414E-6	7.362956963516548E-5	0.6666666666666666	1.8747375367448558E-6	2
zE→z	1.7322466423664E-6	0.0031645569620253164	2.2732439190725165E-4	1.8747375367448558E-6	2
we→w	1.305196731921636E-6	0.0012894906511927789	1.6122531237404273E-4	1.8747375367448558E-6	2
xe→g	1.6444875234823643E-6	0.002828854314002829	5.4238759017193686E-5	1.8747375367448558E-6	2
w@→e	1.3424510572666295E-6	0.0034662045060658577	1.3278360919128143E-5	1.8747375367448558E-6	2
r→ur	1.5953931021770699E-6	2.5756600128783E-5	5.50812448361333E-4	1.8747375367448558E-6	2
w@→a	1.8843913669887131E-6	0.0034662045060658577	2.6845277244600742E-5	1.8747375367448558E-6	2
u→ue	1.6178600716070985E-6	2.5396825396825396E-4	0.006756756756756757	1.8747375367448558E-6	2
y→ut	1.2493429377627054E-6	3.992812936713915E-4	0.0010695187165775401	1.8747375367448558E-6	2
@s→e	7.75729252599641E-7	2.8546959748786756E-4	6.639180459564072E-6	9.373687683724279E-7	1
@m→m	5.088479248844168E-7	6.87757909215956E-4	4.006731308598445E-5	9.373687683724279E-7	1
)→es	8.380057540657345E-7	0.002004008016032064	1.6812373907195696E-4	9.373687683724279E-7	1
a→eA	8.117519202134503E-7	3.2150205761316875E-5	1.0	9.373687683724279E-7	1
k→cq	1.0656183179594646E-6	2.651324336506085E-5	0.1	9.373687683724279E-7	1
@t→a	8.538401605735753E-7	9.182736455463728E-4	1.3422638622300371E-5	9.373687683724279E-7	1
i→ci	6.911184619803012E-7	3.681478481758274E-5	9.074410163339383E-4	9.373687683724279E-7	1
I→es	6.301972760252302E-7	4.389430251953297E-5	1.6812373907195696E-4	9.373687683724279E-7	1
E→ep	7.59427216796137E-7	4.78148608587549E-5	4.161464835622139E-4	9.373687683724279E-7	1
K→ey	7.92566895855892E-7	7.079144839303412E-5	0.02564102564102564	9.373687683724279E-7	1
I→ey	8.415595654389214E-7	4.389430251953297E-5	0.02564102564102564	9.373687683724279E-7	1
E→eg	1.1209290255486396E-6	4.78148608587549E-5	2.6896180742334586E-4	9.373687683724279E-7	1
E→ef	9.480736096156699E-7	4.78148608587549E-5	4.9800796812749E-4	9.373687683724279E-7	1
_→dg	8.658394877367485E-7	0.013157894736842105	0.0035335689045936395	9.373687683724279E-7	1
_→de	8.658212711292734E-7	0.013157894736842105	9.362419249133976E-5	9.373687683724279E-7	1
Z→dj	8.499246900350656E-7	0.0014265335235378032	0.005555555555555556	9.373687683724279E-7	1
_→ds	8.658390881572399E-7	0.013157894736842105	4.253509145044662E-4	9.373687683724279E-7	1
→eau	8.64685674077487E-7	9.373687683724279E-7	0.0049504950495049506	9.373687683724279E-7	1
A→en	8.658397440104113E-7	3.413901406527379E-5	3.6423238025860496E-5	9.373687683724279E-7	1
→G	8.658608974554231E-7	9.373687683724279E-7	1.0	9.373687683724279E-7	1
a→at	7.286713041788538E-7	3.2150205761316875E-5	1.4539110206455364E-4	9.373687683724279E-7	1
b@→b	2.1316003365038648E-6	2.1231422505307856E-4	5.035500276952515E-5	9.373687683724279E-7	1
a→ad	8.305936787268329E-7	3.2150205761316875E-5	3.5803795202291446E-4	9.373687683724279E-7	1
→c	2.03438162835855E-6	9.373687683724279E-7	4.495392222971454E-5	9.373687683724279E-7	1
→a	2.6399274249729345E-6	9.373687683724279E-7	1.3422638622300371E-5	9.373687683724279E-7	1
j@L→ieu	8.658145844302319E-7	1.0	0.0041841004184100415	9.373687683724279E-7	1
→m	9.018848010918653E-7	9.373687683724279E-7	4.006731308598445E-5	9.373687683724279E-7	1
E→ca	5.060421418229032E-7	4.78148608587549E-5	8.741258741258741E-4	9.373687683724279E-7	1
→v	8.733238905159861E-7	9.373687683724279E-7	5.408621342419817E-5	9.373687683724279E-7	1
<→co	7.825606027909728E-7	0.0056179775280898875	4.139072847682119E-4	9.373687683724279E-7	1
b→bo	6.229301386444789E-7	5.248517293864483E-5	3.112356053532524E-4	9.373687683724279E-7	1
w→aw	5.228428016912282E-7	7.484469725319961E-5	0.014084507042253521	9.373687683724279E-7	1
<→a	8.784175810749916E-7	0.0056179775280898875	1.3422638622300371E-5	9.373687683724279E-7	1
d→D	8.658608974554231E-7	3.987876854362737E-5	1.0	9.373687683724279E-7	1
@→h	8.637563168908297E-7	1.3246085781651522E-5	4.108463434675431E-5	9.373687683724279E-7	1
S→ag	7.319563765026712E-7	5.980861244019139E-4	3.3467202141900936E-4	9.373687683724279E-7	1
f→F	8.658608974554233E-7	7.161784716751415E-5	1.0	9.373687683724279E-7	1
<→au	8.658590666969229E-7	0.0056179775280898875	0.0010050251256281408	9.373687683724279E-7	1
@→y	8.658613167967658E-7	1.3246085781651522E-5	5.431830526887561E-4	9.373687683724279E-7	1
I→u	8.658628637543946E-7	4.389430251953297E-5	3.781004234724743E-5	9.373687683724279E-7	1
@→ai	3.9607225474944744E-7	1.3246085781651522E-5	0.0010214504596527069	9.373687683724279E-7	1
A→ab	1.0647140192967911E-6	3.413901406527379E-5	9.285051067780873E-4	9.373687683724279E-7	1
j→J	8.658608974530606E-7	1.189767995240928E-4	1.0	9.373687683724279E-7	1
t→T	8.658608974554231E-7	1.3713658804168952E-5	1.0	9.373687683724279E-7	1
L→u	9.327408342024228E-7	1.847063169560399E-4	3.781004234724743E-5	9.373687683724279E-7	1
_→d	8.659256510054858E-7	0.013157894736842105	2.6046414711015028E-5	9.373687683724279E-7	1
z→c	8.65895900093385E-7	8.736676568233443E-5	4.495392222971454E-5	9.373687683724279E-7	1
^@→^	1.690408652635335E-6	0.1111111111111111	1.0430682896809254E-5	9.373687683724279E-7	1
v→w	8.658608974554233E-7	6.156119182467373E-5	8.061265618702137E-5	9.373687683724279E-7	1
^t→^	1.8961064407637398E-6	2.333177788147457E-4	1.0430682896809254E-5	9.373687683724279E-7	1
^→^b	8.462613638155601E-7	1.0430682896809254E-5	1.3564839934888768E-4	9.373687683724279E-7	1
|→u	8.6603108544802E-7	3.972983710766786E-4	3.781004234724743E-5	9.373687683724279E-7	1
i→ieu	4.269857034671898E-6	3.681478481758274E-5	0.0041841004184100415	9.373687683724279E-7	1
g→ke	6.588197012567621E-7	0.0011534025374855825	1.5339776039269826E-4	9.373687683724279E-7	1
ka→k	8.503598654176868E-7	4.889975550122249E-4	3.139421718519449E-5	9.373687683724279E-7	1
ejo→eau	8.306310551974365E-7	0.0029498525073746312	0.0049504950495049506	9.373687683724279E-7	1
I_→g	8.658608334695456E-7	1.0	2.7119379508596843E-5	9.373687683724279E-7	1
ky→q	8.658608974554233E-7	0.002551020408163265	0.003194888178913738	9.373687683724279E-7	1
d→ld	6.979286506617667E-7	3.987876854362737E-5	4.7778308647873863E-4	9.373687683724279E-7	1
f→lf	7.459981433318909E-7	7.161784716751415E-5	0.0014265335235378032	9.373687683724279E-7	1
s→ls	3.8515508551127184E-7	1.7339737476374606E-5	7.168458781362007E-4	9.373687683724279E-7	1
u→hu	6.283833939397646E-7	1.2698412698412698E-4	7.002801120448179E-4	9.373687683724279E-7	1
j→ie	4.554774663210706E-7	1.189767995240928E-4	7.246376811594203E-5	9.373687683724279E-7	1
j→ij	8.558709464601681E-7	1.189767995240928E-4	1.1166945840312674E-4	9.373687683724279E-7	1
}→hu	6.193012329030824E-7	1.2848515996402416E-4	7.002801120448179E-4	9.373687683724279E-7	1
i→ij	2.3109282879060093E-6	3.681478481758274E-5	1.1166945840312674E-4	9.373687683724279E-7	1
j→ih	3.907566773591117E-8	1.189767995240928E-4	0.02127659574468085	9.373687683724279E-7	1
e→is	5.447309490723873E-7	4.3595779928502924E-5	1.43000143000143E-4	9.373687683724279E-7	1
a→it	8.382009858020594E-7	3.2150205761316875E-5	1.9688915140775743E-4	9.373687683724279E-7	1
je→j	8.521220712650237E-7	0.003125	8.084074373484237E-5	9.373687683724279E-7	1
it→y	8.631786495615821E-7	3.2393909944930353E-4	5.431830526887561E-4	9.373687683724279E-7	1
jt→i	8.285044138455917E-7	0.013513513513513514	1.3095004255876383E-5	9.373687683724279E-7	1
)→im	8.658532297165746E-7	0.002004008016032064	7.401924500370096E-4	9.373687683724279E-7	1
g→gh	7.209276133796119E-7	0.0011534025374855825	0.0010111223458038423	9.373687683724279E-7	1
)→ie	1.358021703319173E-6	0.002004008016032064	7.246376811594203E-5	9.373687683724279E-7	1
gd→c	8.602317801816688E-7	0.0064516129032258064	4.495392222971454E-5	9.373687683724279E-7	1
_→gi	8.65693982502166E-7	0.013157894736842105	4.8355899419729207E-4	9.373687683724279E-7	1
g→ga	9.866998470200382E-7	0.0011534025374855825	5.347593582887701E-4	9.373687683724279E-7	1
e→ha	9.535795005433859E-7	4.3595779928502924E-5	2.4372410431391665E-4	9.373687683724279E-7	1
@→ig	4.644956970632177E-7	1.3246085781651522E-5	1.9142419601837673E-4	9.373687683724279E-7	1
A→id	8.646553873858216E-7	3.413901406527379E-5	1.9069412662090009E-4	9.373687683724279E-7	1
k→gu	8.658357929797563E-7	2.651324336506085E-5	0.0029585798816568047	9.373687683724279E-7	1
*→ir	8.658608974554233E-7	0.07692307692307693	0.001182033096926714	9.373687683724279E-7	1
I→in	6.091420942430085E-5	4.389430251953297E-5	6.48971380362126E-5	9.373687683724279E-7	1
g|→o	8.65399679841731E-7	0.3333333333333333	1.591900410710306E-5	9.373687683724279E-7	1
i→iE	8.658609673295208E-7	3.681478481758274E-5	0.5	9.373687683724279E-7	1
ha→h	8.596618541721108E-7	0.0010706638115631692	4.108463434675431E-5	9.373687683724279E-7	1
i→hy	7.138569323979184E-6	3.681478481758274E-5	0.0044444444444444444	9.373687683724279E-7	1
e→ed	6.417352389025978E-7	4.3595779928502924E-5	2.2629554197782303E-4	9.373687683724279E-7	1
A→ga	7.902056862775932E-7	3.413901406527379E-5	5.347593582887701E-4	9.373687683724279E-7	1
x→eg	5.658561544790213E-7	4.170837504170838E-5	2.6896180742334586E-4	9.373687683724279E-7	1
e→ey	8.65860897455238E-7	4.3595779928502924E-5	0.02564102564102564	9.373687683724279E-7	1
k→ek	1.3404506377886606E-6	2.651324336506085E-5	1.8656716417910448E-4	9.373687683724279E-7	1
e→et	2.09063919669306E-6	4.3595779928502924E-5	1.7319016279875303E-4	9.373687683724279E-7	1
f→fe	7.73377564402121E-7	7.161784716751415E-5	6.246096189881324E-4	9.373687683724279E-7	1
f→fs	5.852294946430954E-7	7.161784716751415E-5	0.0011862396204033216	9.373687683724279E-7	1
G→gu	8.470133858627892E-7	8.681309141418526E-5	0.0029585798816568047	9.373687683724279E-7	1
v→ff	8.45302465938505E-7	6.156119182467373E-5	0.0012091898428053204	9.373687683724279E-7	1
r→tr	3.942736051939699E-7	1.28783000643915E-5	2.1579628830384117E-4	9.373687683724279E-7	1
t→tw	6.119478515261304E-7	1.3713658804168952E-5	0.0011614401858304297	9.373687683724279E-7	1
z→si	6.530471757656529E-7	8.736676568233443E-5	4.175365344467641E-4	9.373687683724279E-7	1
Z→ts	8.625112989901135E-7	0.0014265335235378032	3.0413625304136254E-4	9.373687683724279E-7	1
tS→z	8.658608974517367E-7	0.002717391304347826	1.1366219595362583E-4	9.373687683724279E-7	1
z→st	7.2746066340262435E-6	8.736676568233443E-5	6.747638326585695E-5	9.373687683724279E-7	1
L→ue	8.658181405246412E-7	1.847063169560399E-4	0.0033783783783783786	9.373687683724279E-7	1
tI→t	7.484278265577433E-7	7.097232079489E-4	1.5663669684533694E-5	9.373687683724279E-7	1
s→sj	7.952715828989375E-7	1.7339737476374606E-5	0.0023923444976076554	9.373687683724279E-7	1
b→sb	4.4070909895973724E-7	5.248517293864483E-5	8.347245409015025E-4	9.373687683724279E-7	1
h→sh	4.3189595142525874E-7	8.957362952346828E-5	0.0012903225806451613	9.373687683724279E-7	1
tA→a	8.453397480860716E-7	4.995004995004995E-4	1.3422638622300371E-5	9.373687683724279E-7	1
A→ta	7.803418686247074E-7	3.413901406527379E-5	2.1021652301870928E-4	9.373687683724279E-7	1
p→ps	6.560372034633809E-7	4.037304695385361E-5	8.888888888888889E-4	9.373687683724279E-7	1
p→po	7.137082440723448E-7	4.037304695385361E-5	3.755163349605708E-4	9.373687683724279E-7	1
}→or	5.036103017312063E-7	1.2848515996402416E-4	1.3312034078807243E-4	9.373687683724279E-7	1
}→os	1.6932277424267134E-6	1.2848515996402416E-4	4.5392646391284613E-4	9.373687683724279E-7	1
}→oo	8.543633716881615E-7	1.2848515996402416E-4	1.2040939193257074E-4	9.373687683724279E-7	1
t$→$	7.973849961865575E-7	5.3885116930703737E-5	1.0430682896809254E-5	9.373687683724279E-7	1
b→pe	8.597691765802247E-7	5.248517293864483E-5	1.8726591760299626E-4	9.373687683724279E-7	1
o→oi	4.340233061366926E-7	4.214963119072708E-5	0.0017241379310344827	9.373687683724279E-7	1
Oj→u	8.650411395380736E-7	0.02	3.781004234724743E-5	9.373687683724279E-7	1
O→ou	4.286025810792969E-7	4.8118564142046E-5	3.8153376573826786E-4	9.373687683724279E-7	1
O→ot	3.5661414034371694E-6	4.8118564142046E-5	3.755163349605708E-4	9.373687683724279E-7	1
n→ne	1.4657723711971442E-6	2.4996250562415636E-5	2.0157226365652087E-4	9.373687683724279E-7	1
L→oe	8.658608974554235E-7	1.847063169560399E-4	1.3599891200870393E-4	9.373687683724279E-7	1
n→nc	6.426642414972314E-7	2.4996250562415636E-5	0.001075268817204301	9.373687683724279E-7	1
n→na	2.5863058620557246E-6	2.4996250562415636E-5	3.4211426616489907E-4	9.373687683724279E-7	1
@→on	8.655657308914668E-7	1.3246085781651522E-5	1.1065619121389841E-4	9.373687683724279E-7	1
Z→nj	6.964728649038061E-7	0.0014265335235378032	0.006369426751592357	9.373687683724279E-7	1
$→r$	7.162648506667229E-7	1.0430682896809254E-5	9.085953116481919E-5	9.373687683724279E-7	1
Za→g	8.347484144180861E-7	0.3333333333333333	2.7119379508596843E-5	9.373687683724279E-7	1
s→zs	4.945812675223146E-7	1.7339737476374606E-5	1.0	9.373687683724279E-7	1
s→zz	1.2788550998326141E-6	1.7339737476374606E-5	0.02857142857142857	9.373687683724279E-7	1
z@→z	5.859722110464129E-7	4.737091425864519E-4	1.1366219595362583E-4	9.373687683724279E-7	1
_→zj	8.658556614617485E-7	0.013157894736842105	0.5	9.373687683724279E-7	1
Z→zj	8.658525227665519E-7	0.0014265335235378032	0.5	9.373687683724279E-7	1
Z→zi	8.658608974554235E-7	0.0014265335235378032	4.935834155972359E-4	9.373687683724279E-7	1
p→xp	8.653841449793411E-7	4.037304695385361E-5	0.0070921985815602835	9.373687683724279E-7	1
o→xs	8.646856747650412E-7	4.214963119072708E-5	1.0	9.373687683724279E-7	1
t→xt	8.645661817349623E-7	1.3713658804168952E-5	0.011363636363636364	9.373687683724279E-7	1
w→xw	8.656109915288515E-7	7.484469725319961E-5	0.3333333333333333	9.373687683724279E-7	1
j→ye	8.615294001214922E-7	1.189767995240928E-4	0.02127659574468085	9.373687683724279E-7	1
u→wo	8.65840710032471E-7	1.2698412698412698E-4	9.66183574879227E-4	9.373687683724279E-7	1
wt→w	5.763601787477894E-7	0.017543859649122806	8.061265618702137E-5	9.373687683724279E-7	1
v→vi	1.7566092822694298E-6	6.156119182467373E-5	5.780346820809249E-4	9.373687683724279E-7	1
ve→v	8.256934361806062E-7	0.002070393374741201	5.408621342419817E-5	9.373687683724279E-7	1
wO→o	6.844042748206758E-7	0.00186219739292365	1.591900410710306E-5	9.373687683724279E-7	1
S→xc	8.646395454120914E-7	5.980861244019139E-4	0.022727272727272728	9.373687683724279E-7	1
xE→g	8.400419467242E-7	0.0015174506828528073	2.7119379508596843E-5	9.373687683724279E-7	1
wA→o	1.345046956291858E-6	7.042253521126761E-4	1.591900410710306E-5	9.373687683724279E-7	1
wO→a	8.657652865885006E-7	0.00186219739292365	1.3422638622300371E-5	9.373687683724279E-7	1
